Labirint.obj : error LNK2019: ссылка на неразрешенный внешний символ "public: __int64 __cdecl sf::Time::asMicroseconds(void)const " (?asMicroseconds@Time@sf@@QEBA_JXZ) в функции main
Labirint.obj : error LNK2019: ссылка на неразрешенный внешний символ "public: __cdecl sf::Clock::Clock(void)" (??0Clock@sf@@QEAA@XZ) в функции main
Labirint.obj : error LNK2019: ссылка на неразрешенный внешний символ "public: class sf::Time __cdecl sf::Clock::getElapsedTime(void)const " (?getElapsedTime@Clock@sf@@QEBA?AVTime@2@XZ) в функции main
Labirint.obj : error LNK2019: ссылка на неразрешенный внешний символ "public: class sf::Time __cdecl sf::Clock::restart(void)" (?restart@Clock@sf@@QEAA?AVTime@2@XZ) в функции main
Labirint.obj : error LNK2019: ссылка на неразрешенный внешний символ "public: __cdecl sf::String::String(char,class std::locale const &)" (??0String@sf@@QEAA@DAEBVlocale@std@@@Z) в функции "public: void __cdecl ENEMY::Collision(int)" (?Collision@ENEMY@@QEAAXH@Z)
Labirint.obj : error LNK2019: ссылка на неразрешенный внешний символ "public: __cdecl sf::String::String(char const *,class std::locale const &)" (??0String@sf@@QEAA@PEBDAEBVlocale@std@@@Z) в функции main
Labirint.obj : error LNK2019: ссылка на неразрешенный внешний символ "public: __cdecl sf::String::String(class std::basic_string<char,struct std::char_traits<char>,class std::allocator<char> > const &,class std::locale const &)" (??0String@sf@@QEAA@AEBV?$basic_string@DU?$char_traits@D@std@@V?$allocator@D@2@@std@@AEBVlocale@3@@Z) в функции "public: void __cdecl ENEMY::Collision(int)" (?Collision@ENEMY@@QEAAXH@Z)
Labirint.obj : error LNK2019: ссылка на неразрешенный внешний символ "bool __cdecl sf::operator==(class sf::String const &,class sf::String const &)" (??8sf@@YA_NAEBVString@0@0@Z) в функции "public: void __cdecl ENEMY::Collision(int)" (?Collision@ENEMY@@QEAAXH@Z)
Labirint.obj : error LNK2019: ссылка на неразрешенный внешний символ "public: void __cdecl sf::SoundSource::setVolume(float)" (?setVolume@SoundSource@sf@@QEAAXM@Z) в функции main
Labirint.obj : error LNK2019: ссылка на неразрешенный внешний символ "public: virtual void __cdecl sf::SoundStream::play(void)" (?play@SoundStream@sf@@UEAAXXZ) в функции main
Labirint.obj : error LNK2019: ссылка на неразрешенный внешний символ "public: __cdecl sf::Music::Music(void)" (??0Music@sf@@QEAA@XZ) в функции main
Labirint.obj : error LNK2019: ссылка на неразрешенный внешний символ "public: virtual __cdecl sf::Music::~Music(void)" (??1Music@sf@@UEAA@XZ) в функции main
Labirint.obj : error LNK2019: ссылка на неразрешенный внешний символ "public: bool __cdecl sf::Music::openFromFile(class std::basic_string<char,struct std::char_traits<char>,class std::allocator<char> > const &)" (?openFromFile@Music@sf@@QEAA_NAEBV?$basic_string@DU?$char_traits@D@std@@V?$allocator@D@2@@std@@@Z) в функции main
Labirint.obj : error LNK2019: ссылка на неразрешенный внешний символ "public: __cdecl sf::Sound::Sound(class sf::SoundBuffer const &)" (??0Sound@sf@@QEAA@AEBVSoundBuffer@1@@Z) в функции main
Labirint.obj : error LNK2019: ссылка на неразрешенный внешний символ "public: virtual __cdecl sf::Sound::~Sound(void)" (??1Sound@sf@@UEAA@XZ) в функции main
Labirint.obj : error LNK2019: ссылка на неразрешенный внешний символ "public: virtual void __cdecl sf::Sound::play(void)" (?play@Sound@sf@@UEAAXXZ) в функции main
Labirint.obj : error LNK2019: ссылка на неразрешенный внешний символ "public: __cdecl sf::SoundBuffer::SoundBuffer(void)" (??0SoundBuffer@sf@@QEAA@XZ) в функции main
Labirint.obj : error LNK2019: ссылка на неразрешенный внешний символ "public: __cdecl sf::SoundBuffer::~SoundBuffer(void)" (??1SoundBuffer@sf@@QEAA@XZ) в функции main
Labirint.obj : error LNK2019: ссылка на неразрешенный внешний символ "public: bool __cdecl sf::SoundBuffer::loadFromFile(class std::basic_string<char,struct std::char_traits<char>,class std::allocator<char> > const &)" (?loadFromFile@SoundBuffer@sf@@QEAA_NAEBV?$basic_string@DU?$char_traits@D@std@@V?$allocator@D@2@@std@@@Z) в функции main
Labirint.obj : error LNK2019: ссылка на неразрешенный внешний символ "public: static bool __cdecl sf::Keyboard::isKeyPressed(enum sf::Keyboard::Key)" (?isKeyPressed@Keyboard@sf@@SA_NW4Key@12@@Z) в функции main
Labirint.obj : error LNK2019: ссылка на неразрешенный внешний символ "public: __cdecl sf::VideoMode::VideoMode(unsigned int,unsigned int,unsigned int)" (??0VideoMode@sf@@QEAA@III@Z) в функции main
Labirint.obj : error LNK2019: ссылка на неразрешенный внешний символ "public: void __cdecl sf::Window::close(void)" (?close@Window@sf@@QEAAXXZ) в функции main
Labirint.obj : error LNK2019: ссылка на неразрешенный внешний символ "public: bool __cdecl sf::Window::isOpen(void)const " (?isOpen@Window@sf@@QEBA_NXZ) в функции main
Labirint.obj : error LNK2019: ссылка на неразрешенный внешний символ "public: bool __cdecl sf::Window::pollEvent(class sf::Event &)" (?pollEvent@Window@sf@@QEAA_NAEAVEvent@2@@Z) в функции main
Labirint.obj : error LNK2019: ссылка на неразрешенный внешний символ "public: void __cdecl sf::Window::display(void)" (?display@Window@sf@@QEAAXXZ) в функции "void __cdecl restatLevel(class sf::RenderWindow &,class ENEMY,class ENEMY,class ENEMY)" (?restatLevel@@YAXAEAVRenderWindow@sf@@VENEMY@@11@Z)
Labirint.obj : error LNK2019: ссылка на неразрешенный внешний символ "public: virtual __cdecl sf::Transformable::~Transformable(void)" (??1Transformable@sf@@UEAA@XZ) в функции "public: virtual __cdecl sf::Sprite::~Sprite(void)" (??1Sprite@sf@@UEAA@XZ)
Labirint.obj : error LNK2019: ссылка на неразрешенный внешний символ "public: void __cdecl sf::Transformable::setPosition(float,float)" (?setPosition@Transformable@sf@@QEAAXMM@Z) в функции "public: void __cdecl ENEMY::update(float)" (?update@ENEMY@@QEAAXM@Z)
Labirint.obj : error LNK2019: ссылка на неразрешенный внешний символ "public: virtual __cdecl sf::Shape::~Shape(void)" (??1Shape@sf@@UEAA@XZ) в функции "public: virtual __cdecl sf::RectangleShape::~RectangleShape(void)" (??1RectangleShape@sf@@UEAA@XZ)
Labirint.obj : error LNK2019: ссылка на неразрешенный внешний символ "public: void __cdecl sf::Shape::setFillColor(class sf::Color const &)" (?setFillColor@Shape@sf@@QEAAXAEBVColor@2@@Z) в функции main
Labirint.obj : error LNK2019: ссылка на неразрешенный внешний символ "public: __cdecl sf::Texture::Texture(void)" (??0Texture@sf@@QEAA@XZ) в функции "void __cdecl restatLevel(class sf::RenderWindow &,class ENEMY,class ENEMY,class ENEMY)" (?restatLevel@@YAXAEAVRenderWindow@sf@@VENEMY@@11@Z)
Labirint.obj : error LNK2019: ссылка на неразрешенный внешний символ "public: __cdecl sf::Texture::~Texture(void)" (??1Texture@sf@@QEAA@XZ) в функции "void __cdecl restatLevel(class sf::RenderWindow &,class ENEMY,class ENEMY,class ENEMY)" (?restatLevel@@YAXAEAVRenderWindow@sf@@VENEMY@@11@Z)
Labirint.obj : error LNK2019: ссылка на неразрешенный внешний символ "public: bool __cdecl sf::Texture::loadFromFile(class std::basic_string<char,struct std::char_traits<char>,class std::allocator<char> > const &,class sf::Rect<int> const &)" (?loadFromFile@Texture@sf@@QEAA_NAEBV?$basic_string@DU?$char_traits@D@std@@V?$allocator@D@2@@std@@AEBV?$Rect@H@2@@Z) в функции "void __cdecl restatLevel(class sf::RenderWindow &,class ENEMY,class ENEMY,class ENEMY)" (?restatLevel@@YAXAEAVRenderWindow@sf@@VENEMY@@11@Z)
Labirint.obj : error LNK2019: ссылка на неразрешенный внешний символ "public: __cdecl sf::RectangleShape::RectangleShape(class sf::Vector2<float> const &)" (??0RectangleShape@sf@@QEAA@AEBV?$Vector2@M@1@@Z) в функции main
Labirint.obj : error LNK2019: ссылка на неразрешенный внешний символ "public: void __cdecl sf::RenderTarget::clear(class sf::Color const &)" (?clear@RenderTarget@sf@@QEAAXAEBVColor@2@@Z) в функции main
Labirint.obj : error LNK2019: ссылка на неразрешенный внешний символ "public: void __cdecl sf::RenderTarget::draw(class sf::Drawable const &,class sf::RenderStates const &)" (?draw@RenderTarget@sf@@QEAAXAEBVDrawable@2@AEBVRenderStates@2@@Z) в функции "void __cdecl restatLevel(class sf::RenderWindow &,class ENEMY,class ENEMY,class ENEMY)" (?restatLevel@@YAXAEAVRenderWindow@sf@@VENEMY@@11@Z)
Labirint.obj : error LNK2019: ссылка на неразрешенный внешний символ "public: __cdecl sf::RenderWindow::RenderWindow(class sf::VideoMode,class sf::String const &,unsigned int,struct sf::ContextSettings const &)" (??0RenderWindow@sf@@QEAA@VVideoMode@1@AEBVString@1@IAEBUContextSettings@1@@Z) в функции main
Labirint.obj : error LNK2019: ссылка на неразрешенный внешний символ "public: virtual __cdecl sf::RenderWindow::~RenderWindow(void)" (??1RenderWindow@sf@@UEAA@XZ) в функции main
Labirint.obj : error LNK2019: ссылка на неразрешенный внешний символ "public: __cdecl sf::Sprite::Sprite(void)" (??0Sprite@sf@@QEAA@XZ) в функции "public: __cdecl ENEMY::ENEMY(void)" (??0ENEMY@@QEAA@XZ)
Labirint.obj : error LNK2019: ссылка на неразрешенный внешний символ "public: __cdecl sf::Sprite::Sprite(class sf::Texture const &)" (??0Sprite@sf@@QEAA@AEBVTexture@1@@Z) в функции "void __cdecl restatLevel(class sf::RenderWindow &,class ENEMY,class ENEMY,class ENEMY)" (?restatLevel@@YAXAEAVRenderWindow@sf@@VENEMY@@11@Z)
Labirint.obj : error LNK2019: ссылка на неразрешенный внешний символ "public: void __cdecl sf::Sprite::setTexture(class sf::Texture const &,bool)" (?setTexture@Sprite@sf@@QEAAXAEBVTexture@2@_N@Z) в функции "public: __cdecl PLAYER::PLAYER(class sf::Texture &)" (??0PLAYER@@QEAA@AEAVTexture@sf@@@Z)
Labirint.obj : error LNK2019: ссылка на неразрешенный внешний символ "public: void __cdecl sf::Sprite::setTextureRect(class sf::Rect<int> const &)" (?setTextureRect@Sprite@sf@@QEAAXAEBV?$Rect@H@2@@Z) в функции "public: void __cdecl ENEMY::update(float)" (?update@ENEMY@@QEAAXM@Z)
Labirint.obj : error LNK2019: ссылка на неразрешенный внешний символ "public: void __cdecl sf::Sprite::setColor(class sf::Color const &)" (?setColor@Sprite@sf@@QEAAXAEBVColor@2@@Z) в функции main
Labirint.obj : error LNK2001: неразрешенный внешний символ ""private: virtual void __cdecl sf::Sprite::draw(class sf::RenderTarget &,class sf::RenderStates)const " (?draw@Sprite@sf@@EEBAXAEAVRenderTarget@2@VRenderStates@2@@Z)"
Labirint.obj : error LNK2001: неразрешенный внешний символ ""public: static class sf::RenderStates const sf::RenderStates::Default" (?Default@RenderStates@sf@@2V12@B)"
Labirint.obj : error LNK2001: неразрешенный внешний символ ""public: static class sf::Color const sf::Color::Black" (?Black@Color@sf@@2V12@B)"
Labirint.obj : error LNK2001: неразрешенный внешний символ ""public: static class sf::Color const sf::Color::White" (?White@Color@sf@@2V12@B)"
Labirint.obj : error LNK2001: неразрешенный внешний символ ""public: static class sf::Color const sf::Color::Red" (?Red@Color@sf@@2V12@B)"
Labirint.obj : error LNK2001: неразрешенный внешний символ ""public: static class sf::Color const sf::Color::Green" (?Green@Color@sf@@2V12@B)"
Labirint.obj : error LNK2001: неразрешенный внешний символ ""public: static class sf::Color const sf::Color::Blue" (?Blue@Color@sf@@2V12@B)"
Labirint.obj : error LNK2001: неразрешенный внешний символ ""public: static class sf::Color const sf::Color::Yellow" (?Yellow@Color@sf@@2V12@B)"
C:\Users\дом\source\repos\My Game\x64\Debug\My Game.exe : fatal error LNK1120: неразрешенных внешних элементов: 50
